<?xml version="1.0" encoding="UTF-8"?>
<!-- Generated by org.testng.reporters.JUnitReportReporter -->
<testsuite skipped="0" hostname="DESKTOP-08I2GPS" name="com.revature.testng.demo.DemoV1" tests="3" failures="0" timestamp="2019-11-27T10:16:14 IST" time="0.013" errors="0">
  <testcase name="logout" time="0.001" classname="com.revature.testng.demo.DemoV1"/>
  <testcase name="Login" time="0.010" classname="com.revature.testng.demo.DemoV1"/>
  <testcase name="startBrowser" time="0.002" classname="com.revature.testng.demo.DemoV1"/>
</testsuite> <!-- com.revature.testng.demo.DemoV1 -->
